Script started
æ•°æ®æ’å…¥æˆåŠŸ
æ—§çš„data.jsonæ–‡ä»¶å·²åˆ é™¤
æ—§çš„respon.jsonæ–‡ä»¶å·²åˆ é™¤
æ‰§è¡Œå‘½ä»¤: C:/Users/ZJ/AppData/Local/Programs/Python/Python311/python.exe C:/xampp/htdocs/Market_risk_assessment_system/DarkJoe/pyy/main.py 2>&1
å‘½ä»¤è¾“å‡º: BusinessAccountingNO: 83291953
((184, '83291953', '¶®Üc¤uµ{'),)
83291953
²Î¤@½s¸¹¡G83291953
¤½¥qª¬ªp¡G®Ö­ã³]¥ß
¤½¥q¦WºÙ¡G¶®Üc¤uµ{¦³­­¤½¥q
¸ê¥»Á`ÃB(¤¸)¡G7000000
¹ê¦¬¸ê¥»ÃB(¤¸):0
¥Nªí¤H©m¦W¡G¤ı·sµo
¤½¥q©Ò¦b¦a¡G°ª¶¯¥«¤j¼d°Ï³Ó§Qµó37¸¹2¼Ó
¸ê®Æ¤w¦¨¥\´¡¤J¨ì¸ê®Æ®w¡A¨Ã¬° web_input ªí²K¥[¤F¯Á¤Ş¡C
No data found, inserting 0 into database.
¬dµL²Å¦X®×¥ó!!
Data inserted for BusinessAccountingNO 83291953 with Lawsuit: µL¸ê®Æ, state: Àç·~¤¤, Use_unified_invoice: ¦³¶}²Î¤@µo²¼, CompanyName: ¶®Üc¤uµ{¦³­­¤½¥q, Shareholder_info: 

Pythonè„šæœ¬è¾“å‡ºå·²å†™å…¥æ—¥å¿—æ–‡ä»¶
æ–°çš„JSONæ–‡ä»¶å·²ç”Ÿæˆ
Script started
æ•°æ®æ’å…¥æˆåŠŸ
æ—§çš„data.jsonæ–‡ä»¶å·²åˆ é™¤
æ—§çš„respon.jsonæ–‡ä»¶å·²åˆ é™¤
æ‰§è¡Œå‘½ä»¤: C:/Users/ZJ/AppData/Local/Programs/Python/Python311/python.exe C:/xampp/htdocs/Market_risk_assessment_system/DarkJoe/pyy/main.py 2>&1
å‘½ä»¤è¾“å‡º: BusinessAccountingNO: 83291953
((185, '83291953', '¶®Üc¤uµ{'),)
83291953
²Î¤@½s¸¹¡G83291953
¤½¥qª¬ªp¡G®Ö­ã³]¥ß
¤½¥q¦WºÙ¡G¶®Üc¤uµ{¦³­­¤½¥q
¸ê¥»Á`ÃB(¤¸)¡G7000000
¹ê¦¬¸ê¥»ÃB(¤¸):0
¥Nªí¤H©m¦W¡G¤ı·sµo
¤½¥q©Ò¦b¦a¡G°ª¶¯¥«¤j¼d°Ï³Ó§Qµó37¸¹2¼Ó
¸ê®Æ¤w¦¨¥\´¡¤J¨ì¸ê®Æ®w¡A¨Ã¬° web_input ªí²K¥[¤F¯Á¤Ş¡C
No data found, inserting 0 into database.
¬dµL²Å¦X®×¥ó!!
Data inserted for BusinessAccountingNO 83291953 with Lawsuit: µL¸ê®Æ, state: Àç·~¤¤, Use_unified_invoice: ¦³¶}²Î¤@µo²¼, CompanyName: ¶®Üc¤uµ{¦³­­¤½¥q, Shareholder_info: 

Pythonè„šæœ¬è¾“å‡ºå·²å†™å…¥æ—¥å¿—æ–‡ä»¶
æ–°çš„JSONæ–‡ä»¶å·²ç”Ÿæˆ
Script started
æ•°æ®æ’å…¥æˆåŠŸ
æ—§çš„data.jsonæ–‡ä»¶å·²åˆ é™¤
æ—§çš„respon.jsonæ–‡ä»¶å·²åˆ é™¤
æ‰§è¡Œå‘½ä»¤: C:/Users/ZJ/AppData/Local/Programs/Python/Python311/python.exe C:/xampp/htdocs/Market_risk_assessment_system/DarkJoe/pyy/main.py 2>&1
å‘½ä»¤è¾“å‡º: BusinessAccountingNO: 83291953
((186, '83291953', '¶®Üc¤uµ{'),)
83291953
²Î¤@½s¸¹¡G83291953
¤½¥qª¬ªp¡G®Ö­ã³]¥ß
¤½¥q¦WºÙ¡G¶®Üc¤uµ{¦³­­¤½¥q
¸ê¥»Á`ÃB(¤¸)¡G7000000
¹ê¦¬¸ê¥»ÃB(¤¸):0
¥Nªí¤H©m¦W¡G¤ı·sµo
¤½¥q©Ò¦b¦a¡G°ª¶¯¥«¤j¼d°Ï³Ó§Qµó37¸¹2¼Ó
¸ê®Æ¤w¦¨¥\´¡¤J¨ì¸ê®Æ®w¡A¨Ã¬° web_input ªí²K¥[¤F¯Á¤Ş¡C
¬dµL²Å¦X®×¥ó!!
Data inserted for BusinessAccountingNO 83291953 with Lawsuit: µL¸ê®Æ, state: Àç·~¤¤, Use_unified_invoice: ¦³¶}²Î¤@µo²¼, CompanyName: ¶®Üc¤uµ{¦³­­¤½¥q, Shareholder_info: 
No data found, inserting 0 into database.

Pythonè„šæœ¬è¾“å‡ºå·²å†™å…¥æ—¥å¿—æ–‡ä»¶
æ–°çš„JSONæ–‡ä»¶å·²ç”Ÿæˆ
Script started
æ•°æ®æ’å…¥æˆåŠŸ
æ—§çš„data.jsonæ–‡ä»¶å·²åˆ é™¤
æ—§çš„respon.jsonæ–‡ä»¶å·²åˆ é™¤
æ‰§è¡Œå‘½ä»¤: C:/Users/ZJ/AppData/Local/Programs/Python/Python311/python.exe C:/xampp/htdocs/Market_risk_assessment_system/DarkJoe/pyy/main.py 2>&1
å‘½ä»¤è¾“å‡º: BusinessAccountingNO: 83291953
((187, '83291953', '¶®Üc¤uµ{'),)
83291953
²Î¤@½s¸¹¡G83291953
¤½¥qª¬ªp¡G®Ö­ã³]¥ß
¤½¥q¦WºÙ¡G¶®Üc¤uµ{¦³­­¤½¥q
¸ê¥»Á`ÃB(¤¸)¡G7000000
¹ê¦¬¸ê¥»ÃB(¤¸):0
¥Nªí¤H©m¦W¡G¤ı·sµo
¤½¥q©Ò¦b¦a¡G°ª¶¯¥«¤j¼d°Ï³Ó§Qµó37¸¹2¼Ó
¸ê®Æ¤w¦¨¥\´¡¤J¨ì¸ê®Æ®w¡A¨Ã¬° web_input ªí²K¥[¤F¯Á¤Ş¡C
¬dµL²Å¦X®×¥ó!!
No data found, inserting 0 into database.
Data inserted for BusinessAccountingNO 83291953 with Lawsuit: µL¸ê®Æ, state: Àç·~¤¤, Use_unified_invoice: ¦³¶}²Î¤@µo²¼, CompanyName: ¶®Üc¤uµ{¦³­­¤½¥q, Shareholder_info: 

Pythonè„šæœ¬è¾“å‡ºå·²å†™å…¥æ—¥å¿—æ–‡ä»¶
æ–°çš„JSONæ–‡ä»¶å·²ç”Ÿæˆ
Script started
æ•°æ®æ’å…¥æˆåŠŸ
æ—§çš„data.jsonæ–‡ä»¶å·²åˆ é™¤
æ—§çš„respon.jsonæ–‡ä»¶å·²åˆ é™¤
æ‰§è¡Œå‘½ä»¤: C:/Users/ZJ/AppData/Local/Programs/Python/Python311/python.exe C:/xampp/htdocs/Market_risk_assessment_system/DarkJoe/pyy/main.py 2>&1
å‘½ä»¤è¾“å‡º: BusinessAccountingNO: 81020420
((188, '81020420', '¼e§Q¹q¾÷'),)
81020420
²Î¤@½s¸¹¡G81020420
¤½¥qª¬ªp¡G®Ö­ã³]¥ß
¤½¥q¦WºÙ¡G¼e§Q¹q¾÷¦³­­¤½¥q
¸ê¥»Á`ÃB(¤¸)¡G10000000
¹ê¦¬¸ê¥»ÃB(¤¸):0
¥Nªí¤H©m¦W¡GªL¤å¬u
¤½¥q©Ò¦b¦a¡G°ª¶¯¥«¤j¼d°Ï¤º§|¨½¤º§|¸ô9¤§3¸¹1¼Ó
¸ê®Æ¤w¦¨¥\´¡¤J¨ì¸ê®Æ®w¡A¨Ã¬° web_input ªí²K¥[¤F¯Á¤Ş¡C
['1', '¥æ³q³¡¤½¸ô§½', '°Ê²£©è©ã', '¼e§Q¹q¾÷¦³­­¤½¥q', '©M¼í¥ø·~ªÑ¥÷¦³­­¤½¥q', '80-113-424-1(18984)', '®Ä´Á¤º']
Data inserted for BusinessAccountingNO 81020420 with Lawsuit: µL¸ê®Æ, state: Àç·~¤¤, Use_unified_invoice: ¦³¶}²Î¤@µo²¼, CompanyName: ¼e§Q¹q¾÷¦³­­¤½¥q, Shareholder_info: 
No data found, inserting 0 into database.

Pythonè„šæœ¬è¾“å‡ºå·²å†™å…¥æ—¥å¿—æ–‡ä»¶
æ–°çš„JSONæ–‡ä»¶å·²ç”Ÿæˆ
Script started
æ•°æ®æ’å…¥æˆåŠŸ
æ—§çš„data.jsonæ–‡ä»¶å·²åˆ é™¤
æ—§çš„respon.jsonæ–‡ä»¶å·²åˆ é™¤
æ‰§è¡Œå‘½ä»¤: C:/Users/ZJ/AppData/Local/Programs/Python/Python311/python.exe C:/xampp/htdocs/Market_risk_assessment_system/DarkJoe/pyy/main.py 2>&1
å‘½ä»¤è¾“å‡º: BusinessAccountingNO: 83291953
((189, '83291953', '¶®Üc¤uµ{'),)
83291953
²Î¤@½s¸¹¡G83291953
¤½¥qª¬ªp¡G®Ö­ã³]¥ß
¤½¥q¦WºÙ¡G¶®Üc¤uµ{¦³­­¤½¥q
¸ê¥»Á`ÃB(¤¸)¡G7000000
¹ê¦¬¸ê¥»ÃB(¤¸):0
¥Nªí¤H©m¦W¡G¤ı·sµo
¤½¥q©Ò¦b¦a¡G°ª¶¯¥«¤j¼d°Ï³Ó§Qµó37¸¹2¼Ó
¸ê®Æ¤w¦¨¥\´¡¤J¨ì¸ê®Æ®w¡A¨Ã¬° web_input ªí²K¥[¤F¯Á¤Ş¡C
No data found, inserting 0 into database.
¬dµL²Å¦X®×¥ó!!
Data inserted for BusinessAccountingNO 83291953 with Lawsuit: µL¸ê®Æ, state: Àç·~¤¤, Use_unified_invoice: ¦³¶}²Î¤@µo²¼, CompanyName: ¶®Üc¤uµ{¦³­­¤½¥q, Shareholder_info: 

Pythonè„šæœ¬è¾“å‡ºå·²å†™å…¥æ—¥å¿—æ–‡ä»¶
æ–°çš„JSONæ–‡ä»¶å·²ç”Ÿæˆ
Script started
æ•°æ®æ’å…¥æˆåŠŸ
æ—§çš„data.jsonæ–‡ä»¶å·²åˆ é™¤
æ—§çš„respon.jsonæ–‡ä»¶å·²åˆ é™¤
æ‰§è¡Œå‘½ä»¤: C:/Users/ZJ/AppData/Local/Programs/Python/Python311/python.exe C:/xampp/htdocs/Market_risk_assessment_system/DarkJoe/pyy/main.py 2>&1
å‘½ä»¤è¾“å‡º: BusinessAccountingNO: 81020420
((190, '81020420', '¼e§Q¹q¾÷'),)
81020420
²Î¤@½s¸¹¡G81020420
¤½¥qª¬ªp¡G®Ö­ã³]¥ß
¤½¥q¦WºÙ¡G¼e§Q¹q¾÷¦³­­¤½¥q
¸ê¥»Á`ÃB(¤¸)¡G10000000
¹ê¦¬¸ê¥»ÃB(¤¸):0
¥Nªí¤H©m¦W¡GªL¤å¬u
¤½¥q©Ò¦b¦a¡G°ª¶¯¥«¤j¼d°Ï¤º§|¨½¤º§|¸ô9¤§3¸¹1¼Ó
¸ê®Æ¤w¦¨¥\´¡¤J¨ì¸ê®Æ®w¡A¨Ã¬° web_input ªí²K¥[¤F¯Á¤Ş¡C
['1', '¥æ³q³¡¤½¸ô§½', '°Ê²£©è©ã', '¼e§Q¹q¾÷¦³­­¤½¥q', '©M¼í¥ø·~ªÑ¥÷¦³­­¤½¥q', '80-113-424-1(18984)', '®Ä´Á¤º']
No data found, inserting 0 into database.
Data inserted for BusinessAccountingNO 81020420 with Lawsuit: µL¸ê®Æ, state: Àç·~¤¤, Use_unified_invoice: ¦³¶}²Î¤@µo²¼, CompanyName: ¼e§Q¹q¾÷¦³­­¤½¥q, Shareholder_info: 

Pythonè„šæœ¬è¾“å‡ºå·²å†™å…¥æ—¥å¿—æ–‡ä»¶
æ–°çš„JSONæ–‡ä»¶å·²ç”Ÿæˆ
Script started
æ•°æ®æ’å…¥æˆåŠŸ
æ—§çš„data.jsonæ–‡ä»¶å·²åˆ é™¤
æ—§çš„respon.jsonæ–‡ä»¶å·²åˆ é™¤
æ‰§è¡Œå‘½ä»¤: C:/Users/ZJ/AppData/Local/Programs/Python/Python311/python.exe C:/xampp/htdocs/Market_risk_assessment_system/DarkJoe/pyy/main.py 2>&1
å‘½ä»¤è¾“å‡º: ((191, '89426036', '¬u«í¥ø·~'),)
89426036
BusinessAccountingNO: 89426036
²Î¤@½s¸¹¡G89426036
¤½¥qª¬ªp¡G®Ö­ã³]¥ß
¤½¥q¦WºÙ¡G¬u«í¥ø·~¦³­­¤½¥q
¸ê¥»Á`ÃB(¤¸)¡G6000000
¹ê¦¬¸ê¥»ÃB(¤¸):0
¥Nªí¤H©m¦W¡GªL¤å¬u
¤½¥q©Ò¦b¦a¡G°ª¶¯¥«¤j¼d°Ï¤º§|¸ô9¤§30¸¹
¸ê®Æ¤w¦¨¥\´¡¤J¨ì¸ê®Æ®w¡A¨Ã¬° web_input ªí²K¥[¤F¯Á¤Ş¡C
No data found, inserting 0 into database.
Data inserted for BusinessAccountingNO 89426036 with Lawsuit: µL¸ê®Æ, state: Àç·~¤¤, Use_unified_invoice: ¦³¶}²Î¤@µo²¼, CompanyName: ¬u«í¥ø·~¦³­­¤½¥q, Shareholder_info: 
['1', '°ª¶¯¥«¬F©²¸gÀÙµo®i§½', 'ªş±ø¥ó¶R½æ', '¬u«í¥ø·~¦³­­¤½¥q', '©M¼í¥ø·~ªÑ¥÷¦³­­¤½¥q', '°ª¥«¸gµo¤uªş¦r²Ä4136¸¹', '®Ä´Á¤º']

Pythonè„šæœ¬è¾“å‡ºå·²å†™å…¥æ—¥å¿—æ–‡ä»¶
æ–°çš„JSONæ–‡ä»¶å·²ç”Ÿæˆ
Script started
æ•°æ®æ’å…¥æˆåŠŸ
æ—§çš„data.jsonæ–‡ä»¶å·²åˆ é™¤
æ—§çš„respon.jsonæ–‡ä»¶å·²åˆ é™¤
æ‰§è¡Œå‘½ä»¤: C:/Users/ZJ/AppData/Local/Programs/Python/Python311/python.exe C:/xampp/htdocs/Market_risk_assessment_system/DarkJoe/pyy/main.py 2>&1
å‘½ä»¤è¾“å‡º: BusinessAccountingNO: 90258634
((192, '90258634', '¹d¥¿°ê»Ú'),)
90258634
²Î¤@½s¸¹¡G90258634
¤½¥qª¬ªp¡G®Ö­ã³]¥ß
¤½¥q¦WºÙ¡G¹d¥¿°ê»Ú¦³­­¤½¥q
¸ê¥»Á`ÃB(¤¸)¡G1000000
¹ê¦¬¸ê¥»ÃB(¤¸):0
¥Nªí¤H©m¦W¡G§õ«É¿¢
¤½¥q©Ò¦b¦a¡G°ª¶¯¥«©£¤s°Ï¥Ã¼Öµó2«Ñ67¸¹1¼Ó
¸ê®Æ¤w¦¨¥\´¡¤J¨ì¸ê®Æ®w¡A¨Ã¬° web_input ªí²K¥[¤F¯Á¤Ş¡C
Data inserted for BusinessAccountingNO 90258634 with Lawsuit: µL¸ê®Æ, state: Àç·~¤¤, Use_unified_invoice: ¦³¶}²Î¤@µo²¼, CompanyName: ¹d¥¿°ê»Ú¦³­­¤½¥q, Shareholder_info: ·s¼W¸³ºÊ¨Æ:
¸³¨Æ §õ«É¿¢; ­t³d¤H ³\¯ú¬Â ÅÜ§ó¬° §õ«É¿¢¡C; 
No data found, inserting 0 into database.
¬dµL²Å¦X®×¥ó!!

Pythonè„šæœ¬è¾“å‡ºå·²å†™å…¥æ—¥å¿—æ–‡ä»¶
æ–°çš„JSONæ–‡ä»¶å·²ç”Ÿæˆ
Script started
æ•°æ®æ’å…¥æˆåŠŸ
æ—§çš„data.jsonæ–‡ä»¶å·²åˆ é™¤
æ—§çš„respon.jsonæ–‡ä»¶å·²åˆ é™¤
æ‰§è¡Œå‘½ä»¤: C:/Users/ZJ/AppData/Local/Programs/Python/Python311/python.exe C:/xampp/htdocs/Market_risk_assessment_system/DarkJoe/pyy/main.py 2>&1
å‘½ä»¤è¾“å‡º: BusinessAccountingNO: 42852207
((193, '42852207', '¶³°\¯à·½¬ì§ŞªÑ¥÷¦³­­¤½¥q'),)
42852207
²Î¤@½s¸¹¡G42852207
¤½¥qª¬ªp¡G®Ö­ã³]¥ß
¤½¥q¦WºÙ¡G¶³°\¯à·½¬ì§ŞªÑ¥÷¦³­­¤½¥q
¸ê¥»Á`ÃB(¤¸)¡G2000000000
¹ê¦¬¸ê¥»ÃB(¤¸):1378300410
¥Nªí¤H©m¦W¡G¹ùºÖ¥Í
¤½¥q©Ò¦b¦a¡G»O¥_¥«¤º´ò°Ï°ò´ò¸ô1¸¹4¼Ó¤§1
¸ê®Æ¤w¦¨¥\´¡¤J¨ì¸ê®Æ®w¡A¨Ã¬° web_input ªí²K¥[¤F¯Á¤Ş¡C
¬dµL²Å¦X®×¥ó!!
No data found, inserting 0 into database.
An error occurred: 'cp950' codec can't encode character '\u5553' in position 471: illegal multibyte sequence

Pythonè„šæœ¬è¾“å‡ºå·²å†™å…¥æ—¥å¿—æ–‡ä»¶
æ–°çš„JSONæ–‡ä»¶å·²ç”Ÿæˆ
Script started
æ•°æ®æ’å…¥æˆåŠŸ
æ—§çš„data.jsonæ–‡ä»¶å·²åˆ é™¤
æ—§çš„respon.jsonæ–‡ä»¶å·²åˆ é™¤
æ‰§è¡Œå‘½ä»¤: C:/Users/ZJ/AppData/Local/Programs/Python/Python311/python.exe C:/xampp/htdocs/Market_risk_assessment_system/DarkJoe/pyy/main.py 2>&1
å‘½ä»¤è¾“å‡º: ((194, '84336367', 'ÙÉ®õ°·±d¬ì§Ş'),)
BusinessAccountingNO: 84336367
84336367
²Î¤@½s¸¹¡G84336367
¤½¥qª¬ªp¡G®Ö­ã³]¥ß
¤½¥q¦WºÙ¡GÙÉ®õ°·±d¬ì§ŞªÑ¥÷¦³­­¤½¥q
¸ê¥»Á`ÃB(¤¸)¡G85000000
¹ê¦¬¸ê¥»ÃB(¤¸):85000000
¥Nªí¤H©m¦W¡G¹Q¼C´H
¤½¥q©Ò¦b¦a¡G°ª¶¯¥«¥ªÀç°Ï¥ß¤å¸ô77¸¹17¼Ó
¸ê®Æ¤w¦¨¥\´¡¤J¨ì¸ê®Æ®w¡A¨Ã¬° web_input ªí²K¥[¤F¯Á¤Ş¡C
¬dµL²Å¦X®×¥ó!!
Data inserted for BusinessAccountingNO 84336367 with Lawsuit: ªk°|®×¸¹ »OÆW·s¥_¦a¤èªk°|
112¦~«×¦Û¦r35¸¹ ®×¥óÃş§O ¦D¨Æ, state: Àç·~¤¤, Use_unified_invoice: ¦³¶}²Î¤@µo²¼, CompanyName: ÙÉ®õ°·±d¬ì§ŞªÑ¥÷¦³­­¤½¥q, Shareholder_info: 
No data found, inserting 0 into database.

Pythonè„šæœ¬è¾“å‡ºå·²å†™å…¥æ—¥å¿—æ–‡ä»¶
æ–°çš„JSONæ–‡ä»¶å·²ç”Ÿæˆ
Script started
æ•°æ®æ’å…¥æˆåŠŸ
æ—§çš„data.jsonæ–‡ä»¶å·²åˆ é™¤
æ—§çš„respon.jsonæ–‡ä»¶å·²åˆ é™¤
æ‰§è¡Œå‘½ä»¤: C:/Users/ZJ/AppData/Local/Programs/Python/Python311/python.exe C:/xampp/htdocs/Market_risk_assessment_system/DarkJoe/pyy/main.py 2>&1
å‘½ä»¤è¾“å‡º: BusinessAccountingNO: 03077208
((195, '03077208', '¤¤°ê«H°U°Ó·~»È¦æ'),)
03077208
²Î¤@½s¸¹¡G03077208
¤½¥qª¬ªp¡G®Ö­ã³]¥ß
¤½¥q¦WºÙ¡G¤¤°ê«H°U°Ó·~»È¦æªÑ¥÷¦³­­¤½¥q
¸ê¥»Á`ÃB(¤¸)¡G180000000000
¹ê¦¬¸ê¥»ÃB(¤¸):158016512400
¥Nªí¤H©m¦W¡G³¯¨Î¤å
¤½¥q©Ò¦b¦a¡G»O¥_¥««n´ä°Ï¸g¶T¤G¸ô166¡B168¡B170¡B186¡B188¸¹
¸ê®Æ¤w¦¨¥\´¡¤J¨ì¸ê®Æ®w¡A¨Ã¬° web_input ªí²K¥[¤F¯Á¤Ş¡C
An error occurred: Message: element click intercepted: Element is not clickable at point (755, 1000)
  (Session info: chrome=133.0.6943.128)
Stacktrace:
	GetHandleVerifier [0x00007FF771FCC6A5+28789]
	(No symbol) [0x00007FF771F35B20]
	(No symbol) [0x00007FF771DC8F9A]
	(No symbol) [0x00007FF771E271E9]
	(No symbol) [0x00007FF771E24BA2]
	(No symbol) [0x00007FF771E21C51]
	(No symbol) [0x00007FF771E20B51]
	(No symbol) [0x00007FF771E12314]
	(No symbol) [0x00007FF771E4732A]
	(No symbol) [0x00007FF771E11BC6]
	(No symbol) [0x00007FF771E47540]
	(No symbol) [0x00007FF771E6F7E3]
	(No symbol) [0x00007FF771E47103]
	(No symbol) [0x00007FF771E0FFC0]
	(No symbol) [0x00007FF771E11273]
	GetHandleVerifier [0x00007FF772311AED+3458237]
	GetHandleVerifier [0x00007FF77232829C+3550316]
	GetHandleVerifier [0x00007FF77231DB9D+3507565]
	GetHandleVerifier [0x00007FF772092C6A+841274]
	(No symbol) [0x00007FF771F409EF]
	(No symbol) [0x00007FF771F3CB34]
	(No symbol) [0x00007FF771F3CCD6]
	(No symbol) [0x00007FF771F2C119]
	BaseThreadInitThunk [0x00007FFEEEA87374+20]
	RtlUserThreadStart [0x00007FFEF03BCC91+33]

['1', '·s¥_¥«¬F©²¸gÀÙµo®i§½', '°Ê²£©è©ã', '¦N¸t¤u·~ªÑ¥÷¦³­­¤½¥q', '¤¤°ê«H°U°Ó·~»È¦æªÑ¥÷¦³­­¤½¥q«°¤¤', '¤u(¤¤)°Ê¦r²Ä066323¸¹', '¤w¹L®Ä´Á¥¼µù¾P']
An error occurred: 'cp950' codec can't encode character '\u732e' in position 711: illegal multibyte sequence

Pythonè„šæœ¬è¾“å‡ºå·²å†™å…¥æ—¥å¿—æ–‡ä»¶
æ–°çš„JSONæ–‡ä»¶å·²ç”Ÿæˆ
Script started
æ•°æ®æ’å…¥æˆåŠŸ
æ—§çš„data.jsonæ–‡ä»¶å·²åˆ é™¤
æ—§çš„respon.jsonæ–‡ä»¶å·²åˆ é™¤
æ‰§è¡Œå‘½ä»¤: C:/Users/ZJ/AppData/Local/Programs/Python/Python311/python.exe C:/xampp/htdocs/Market_risk_assessment_system/DarkJoe/pyy/main.py 2>&1
å‘½ä»¤è¾“å‡º: ((196, '03077208', '¤¤°ê«H°U°Ó·~»È¦æ'),)
03077208
BusinessAccountingNO: 03077208
²Î¤@½s¸¹¡G03077208
¤½¥qª¬ªp¡G®Ö­ã³]¥ß
¤½¥q¦WºÙ¡G¤¤°ê«H°U°Ó·~»È¦æªÑ¥÷¦³­­¤½¥q
¸ê¥»Á`ÃB(¤¸)¡G180000000000
¹ê¦¬¸ê¥»ÃB(¤¸):158016512400
¥Nªí¤H©m¦W¡G³¯¨Î¤å
¤½¥q©Ò¦b¦a¡G»O¥_¥««n´ä°Ï¸g¶T¤G¸ô166¡B168¡B170¡B186¡B188¸¹
¸ê®Æ¤w¦¨¥\´¡¤J¨ì¸ê®Æ®w¡A¨Ã¬° web_input ªí²K¥[¤F¯Á¤Ş¡C
An error occurred: Message: element click intercepted: Element is not clickable at point (757, 1046)
  (Session info: chrome=137.0.7151.105)
Stacktrace:
	GetHandleVerifier [0x0x7ff62198fe75+79173]
	GetHandleVerifier [0x0x7ff62198fed0+79264]
	(No symbol) [0x0x7ff621749e5a]
	(No symbol) [0x0x7ff6217a8599]
	(No symbol) [0x0x7ff6217a5f32]
	(No symbol) [0x0x7ff6217a2f71]
	(No symbol) [0x0x7ff6217a1e61]
	(No symbol) [0x0x7ff621793464]
	(No symbol) [0x0x7ff6217c896a]
	(No symbol) [0x0x7ff621792d16]
	(No symbol) [0x0x7ff6217c8b80]
	(No symbol) [0x0x7ff6217f100d]
	(No symbol) [0x0x7ff6217c8743]
	(No symbol) [0x0x7ff6217914c1]
	(No symbol) [0x0x7ff621792253]
	GetHandleVerifier [0x0x7ff621c5a2ad+3004797]
	GetHandleVerifier [0x0x7ff621c546fd+2981325]
	GetHandleVerifier [0x0x7ff621c73350+3107360]
	GetHandleVerifier [0x0x7ff6219aa9fe+188622]
	GetHandleVerifier [0x0x7ff6219b228f+219487]
	GetHandleVerifier [0x0x7ff621998dc4+115860]
	GetHandleVerifier [0x0x7ff621998f79+116297]
	GetHandleVerifier [0x0x7ff62197f528+11256]
	BaseThreadInitThunk [0x0x7ffd14047374+20]
	RtlUserThreadStart [0x0x7ffd1517cc91+33]

['1', '·s¥_¥«¬F©²¸gÀÙµo®i§½', '°Ê²£©è©ã', '¦N¸t¤u·~ªÑ¥÷¦³­­¤½¥q', '¤¤°ê«H°U°Ó·~»È¦æªÑ¥÷¦³­­¤½¥q«°¤¤', '¤u(¤¤)°Ê¦r²Ä066323¸¹', '¤w¹L®Ä´Á¥¼µù¾P']
An error occurred:  Message: element click intercepted: Element <button type="button" class="search_submit" aria-label="...">¶}©l¬d¸ß</button> is not clickable at point (464, 568). Other element would receive the click: <div id="turnstile-container" style="">...</div>
  (Session info: chrome=137.0.7151.105)
Stacktrace:
	GetHandleVerifier [0x0x7ff62198fe75+79173]
	GetHandleVerifier [0x0x7ff62198fed0+79264]
	(No symbol) [0x0x7ff621749e5a]
	(No symbol) [0x0x7ff6217a8599]
	(No symbol) [0x0x7ff6217a5f32]
	(No symbol) [0x0x7ff6217a2f71]
	(No symbol) [0x0x7ff6217a1e61]
	(No symbol) [0x0x7ff621793464]
	(No symbol) [0x0x7ff6217c896a]
	(No symbol) [0x0x7ff621792d16]
	(No symbol) [0x0x7ff6217c8b80]
	(No symbol) [0x0x7ff6217f100d]
	(No symbol) [0x0x7ff6217c8743]
	(No symbol) [0x0x7ff6217914c1]
	(No symbol) [0x0x7ff621792253]
	GetHandleVerifier [0x0x7ff621c5a2ad+3004797]
	GetHandleVerifier [0x0x7ff621c546fd+2981325]
	GetHandleVerifier [0x0x7ff621c73350+3107360]
	GetHandleVerifier [0x0x7ff6219aa9fe+188622]
	GetHandleVerifier [0x0x7ff6219b228f+219487]
	GetHandleVerifier [0x0x7ff621998dc4+115860]
	GetHandleVerifier [0x0x7ff621998f79+116297]
	GetHandleVerifier [0x0x7ff62197f528+11256]
	BaseThreadInitThunk [0x0x7ffd14047374+20]
	RtlUserThreadStart [0x0x7ffd1517cc91+33]

Data inserted for BusinessAccountingNO 03077208 with Lawsuit: ªk°|®×¸¹ »OÆW»O«n¦a¤èªk°|
114¦~«×¥qÄ~¦r36¸¹ ®×¥óÃş§O ¥Á¨Æ, state: Àç·~¤¤, Use_unified_invoice: ¦³¶}²Î¤@µo²¼, CompanyName: ¤¤°ê«H°U°Ó·~»È¦æªÑ¥÷¦³­­¤½¥q, Shareholder_info: ÅÜ§ó«ùªÑ:
³¯¨Î¤å ªº«ùªÑ
14,796,218,595 ÅÜ§ó 15,801,651,240

¸â®xºÕ ªº«ùªÑ
14,796,218,595 ÅÜ§ó 15,801,651,240

¬I­ZªL ªº«ùªÑ
14,796,218,595 ÅÜ§ó 15,801,651,240

³\§®ÀR ªº«ùªÑ
14,796,218,595 ÅÜ§ó 15,801,651,240

·¨ºa©v ªº«ùªÑ
14,796,218,595 ÅÜ§ó 15,801,651,240

¬I¥ú°V ªº«ùªÑ
14,796,218,595 ÅÜ§ó 15,801,651,240

·¨Án«i ªº«ùªÑ
14,796,218,595 ÅÜ§ó 15,801,651,240

¼Bªø¬K ªº«ùªÑ
14,796,218,595 ÅÜ§ó 15,801,651,240

©u±R¼z ªº«ùªÑ
14,796,218,595 ÅÜ§ó 15,801,651,240; ¹ê¦¬¸ê¥»ÃB¥Ñ:
147,962,185,950
ÅÜ§ó¬°
158,016,512,400; ·s¼W¸³ºÊ¨Æ:
¸³¨Æªø ³¯¨Î¤å (¤¤°ê«H°Uª÷¿Ä±±ªÑªÑ¥÷¦³­­¤½¥q); ­t³d¤H ¯ÊÃB ÅÜ§ó¬° ³¯¨Î¤å¡C; 
Traceback (most recent call last):
  File "C:\xampp\htdocs\Market_risk_assessment_system\DarkJoe\pyy\main.py", line 56, in <module>
    main()
  File "C:\xampp\htdocs\Market_risk_assessment_system\DarkJoe\pyy\main.py", line 46, in main
    OPENAI_API_KEY=os.environ["OPENAI_API_KEY"]
                   ~~~~~~~~~~^^^^^^^^^^^^^^^^^^
  File "<frozen os>", line 679, in __getitem__
KeyError: 'OPENAI_API_KEY'

Pythonè„šæœ¬è¾“å‡ºå·²å†™å…¥æ—¥å¿—æ–‡ä»¶
Pythonè„šæœ¬æœªç”Ÿæˆé¢„æœŸçš„è¾“å‡ºæ–‡ä»¶
Script started
æ•°æ®æ’å…¥æˆåŠŸ
æ—§çš„data.jsonæ–‡ä»¶å·²åˆ é™¤
æ‰§è¡Œå‘½ä»¤: C:/Users/ZJ/AppData/Local/Programs/Python/Python311/python.exe C:/xampp/htdocs/Market_risk_assessment_system/DarkJoe/pyy/main.py 2>&1
å‘½ä»¤è¾“å‡º: BusinessAccountingNO: 03077208
((197, '03077208', '¤¤°ê«H°U°Ó·~»È¦æ'),)
03077208
²Î¤@½s¸¹¡G03077208
¤½¥qª¬ªp¡G®Ö­ã³]¥ß
¤½¥q¦WºÙ¡G¤¤°ê«H°U°Ó·~»È¦æªÑ¥÷¦³­­¤½¥q
¸ê¥»Á`ÃB(¤¸)¡G180000000000
¹ê¦¬¸ê¥»ÃB(¤¸):158016512400
¥Nªí¤H©m¦W¡G³¯¨Î¤å
¤½¥q©Ò¦b¦a¡G»O¥_¥««n´ä°Ï¸g¶T¤G¸ô166¡B168¡B170¡B186¡B188¸¹
¸ê®Æ¤w¦¨¥\´¡¤J¨ì¸ê®Æ®w¡A¨Ã¬° web_input ªí²K¥[¤F¯Á¤Ş¡C
An error occurred: Message: element click intercepted: Element is not clickable at point (757, 1046)
  (Session info: chrome=137.0.7151.105)
Stacktrace:
	GetHandleVerifier [0x0x7ff62198fe75+79173]
	GetHandleVerifier [0x0x7ff62198fed0+79264]
	(No symbol) [0x0x7ff621749e5a]
	(No symbol) [0x0x7ff6217a8599]
	(No symbol) [0x0x7ff6217a5f32]
	(No symbol) [0x0x7ff6217a2f71]
	(No symbol) [0x0x7ff6217a1e61]
	(No symbol) [0x0x7ff621793464]
	(No symbol) [0x0x7ff6217c896a]
	(No symbol) [0x0x7ff621792d16]
	(No symbol) [0x0x7ff6217c8b80]
	(No symbol) [0x0x7ff6217f100d]
	(No symbol) [0x0x7ff6217c8743]
	(No symbol) [0x0x7ff6217914c1]
	(No symbol) [0x0x7ff621792253]
	GetHandleVerifier [0x0x7ff621c5a2ad+3004797]
	GetHandleVerifier [0x0x7ff621c546fd+2981325]
	GetHandleVerifier [0x0x7ff621c73350+3107360]
	GetHandleVerifier [0x0x7ff6219aa9fe+188622]
	GetHandleVerifier [0x0x7ff6219b228f+219487]
	GetHandleVerifier [0x0x7ff621998dc4+115860]
	GetHandleVerifier [0x0x7ff621998f79+116297]
	GetHandleVerifier [0x0x7ff62197f528+11256]
	BaseThreadInitThunk [0x0x7ffd14047374+20]
	RtlUserThreadStart [0x0x7ffd1517cc91+33]

['1', '·s¥_¥«¬F©²¸gÀÙµo®i§½', '°Ê²£©è©ã', '¦N¸t¤u·~ªÑ¥÷¦³­­¤½¥q', '¤¤°ê«H°U°Ó·~»È¦æªÑ¥÷¦³­­¤½¥q«°¤¤', '¤u(¤¤)°Ê¦r²Ä066323¸¹', '¤w¹L®Ä´Á¥¼µù¾P']
An error occurred:  Message: element click intercepted: Element <button type="button" class="search_submit" aria-label="...">¶}©l¬d¸ß</button> is not clickable at point (464, 568). Other element would receive the click: <div id="turnstile-container" style="">...</div>
  (Session info: chrome=137.0.7151.105)
Stacktrace:
	GetHandleVerifier [0x0x7ff62198fe75+79173]
	GetHandleVerifier [0x0x7ff62198fed0+79264]
	(No symbol) [0x0x7ff621749e5a]
	(No symbol) [0x0x7ff6217a8599]
	(No symbol) [0x0x7ff6217a5f32]
	(No symbol) [0x0x7ff6217a2f71]
	(No symbol) [0x0x7ff6217a1e61]
	(No symbol) [0x0x7ff621793464]
	(No symbol) [0x0x7ff6217c896a]
	(No symbol) [0x0x7ff621792d16]
	(No symbol) [0x0x7ff6217c8b80]
	(No symbol) [0x0x7ff6217f100d]
	(No symbol) [0x0x7ff6217c8743]
	(No symbol) [0x0x7ff6217914c1]
	(No symbol) [0x0x7ff621792253]
	GetHandleVerifier [0x0x7ff621c5a2ad+3004797]
	GetHandleVerifier [0x0x7ff621c546fd+2981325]
	GetHandleVerifier [0x0x7ff621c73350+3107360]
	GetHandleVerifier [0x0x7ff6219aa9fe+188622]
	GetHandleVerifier [0x0x7ff6219b228f+219487]
	GetHandleVerifier [0x0x7ff621998dc4+115860]
	GetHandleVerifier [0x0x7ff621998f79+116297]
	GetHandleVerifier [0x0x7ff62197f528+11256]
	BaseThreadInitThunk [0x0x7ffd14047374+20]
	RtlUserThreadStart [0x0x7ffd1517cc91+33]

Data inserted for BusinessAccountingNO 03077208 with Lawsuit: ªk°|®×¸¹ »OÆW»O«n¦a¤èªk°|
114¦~«×¥qÄ~¦r36¸¹ ®×¥óÃş§O ¥Á¨Æ, state: Àç·~¤¤, Use_unified_invoice: ¦³¶}²Î¤@µo²¼, CompanyName: ¤¤°ê«H°U°Ó·~»È¦æªÑ¥÷¦³­­¤½¥q, Shareholder_info: ÅÜ§ó«ùªÑ:
³¯¨Î¤å ªº«ùªÑ
14,796,218,595 ÅÜ§ó 15,801,651,240

¸â®xºÕ ªº«ùªÑ
14,796,218,595 ÅÜ§ó 15,801,651,240

¬I­ZªL ªº«ùªÑ
14,796,218,595 ÅÜ§ó 15,801,651,240

³\§®ÀR ªº«ùªÑ
14,796,218,595 ÅÜ§ó 15,801,651,240

·¨ºa©v ªº«ùªÑ
14,796,218,595 ÅÜ§ó 15,801,651,240

¬I¥ú°V ªº«ùªÑ
14,796,218,595 ÅÜ§ó 15,801,651,240

·¨Án«i ªº«ùªÑ
14,796,218,595 ÅÜ§ó 15,801,651,240

¼Bªø¬K ªº«ùªÑ
14,796,218,595 ÅÜ§ó 15,801,651,240

©u±R¼z ªº«ùªÑ
14,796,218,595 ÅÜ§ó 15,801,651,240; ¹ê¦¬¸ê¥»ÃB¥Ñ:
147,962,185,950
ÅÜ§ó¬°
158,016,512,400; ·s¼W¸³ºÊ¨Æ:
¸³¨Æªø ³¯¨Î¤å (¤¤°ê«H°Uª÷¿Ä±±ªÑªÑ¥÷¦³­­¤½¥q); ­t³d¤H ¯ÊÃB ÅÜ§ó¬° ³¯¨Î¤å¡C; 
Traceback (most recent call last):
  File "C:\xampp\htdocs\Market_risk_assessment_system\DarkJoe\pyy\main.py", line 56, in <module>
    main()
  File "C:\xampp\htdocs\Market_risk_assessment_system\DarkJoe\pyy\main.py", line 46, in main
    OPENAI_API_KEY=os.environ["OPENAI_API_KEY"]
                   ~~~~~~~~~~^^^^^^^^^^^^^^^^^^
  File "<frozen os>", line 679, in __getitem__
KeyError: 'OPENAI_API_KEY'

Pythonè„šæœ¬è¾“å‡ºå·²å†™å…¥æ—¥å¿—æ–‡ä»¶
Pythonè„šæœ¬æœªç”Ÿæˆé¢„æœŸçš„è¾“å‡ºæ–‡ä»¶
Script started
æ•°æ®æ’å…¥æˆåŠŸ
æ—§çš„data.jsonæ–‡ä»¶å·²åˆ é™¤
æ‰§è¡Œå‘½ä»¤: C:/Users/ZJ/AppData/Local/Programs/Python/Python311/python.exe C:/xampp/htdocs/Market_risk_assessment_system/DarkJoe/pyy/main.py 2>&1
å‘½ä»¤è¾“å‡º: Exception in thread Thread-2 (fetch_data_and_insert_to_py_prtr_input):
Traceback (most recent call last):
  File "C:\xampp\htdocs\Market_risk_assessment_system\DarkJoe\pyy\PRTRtest.py", line 223, in fetch_data_and_insert_to_py_prtr_input
    print(f"\U0001f4cc ¬d¸ß¤½¥q¡G{company_name}")
UnicodeEncodeError: 'cp950' codec can't encode character '\U0001f4cc' in position 0: illegal multibyte sequence

During handling of the above exception, another exception occurred:

Traceback (most recent call last):
  File "C:\Users\ZJ\AppData\Local\Programs\Python\Python311\Lib\threading.py", line 1038, in _bootstrap_inner
    self.run()
  File "C:\Users\ZJ\AppData\Local\Programs\Python\Python311\Lib\threading.py", line 975, in run
    self._target(*self._args, **self._kwargs)
  File "C:\xampp\htdocs\Market_risk_assessment_system\DarkJoe\pyy\PRTRtest.py", line 291, in fetch_data_and_insert_to_py_prtr_input
    print(f"\u274c µo¥Í¿ù»~¡G{e}")
UnicodeEncodeError: 'cp950' codec can't encode character '\u274c' in position 0: illegal multibyte sequence
No data found, inserting 0 into database.
BusinessAccountingNO: 03077208
((198, '03077208', '¤¤°ê«H°U°Ó·~»È¦æ'),)
03077208
²Î¤@½s¸¹¡G03077208
¤½¥qª¬ªp¡G®Ö­ã³]¥ß
¤½¥q¦WºÙ¡G¤¤°ê«H°U°Ó·~»È¦æªÑ¥÷¦³­­¤½¥q
¸ê¥»Á`ÃB(¤¸)¡G180000000000
¹ê¦¬¸ê¥»ÃB(¤¸):158016512400
¥Nªí¤H©m¦W¡G³¯¨Î¤å
¤½¥q©Ò¦b¦a¡G»O¥_¥««n´ä°Ï¸g¶T¤G¸ô166¡B168¡B170¡B186¡B188¸¹
¸ê®Æ¤w¦¨¥\´¡¤J¨ì¸ê®Æ®w¡A¨Ã¬° web_input ªí²K¥[¤F¯Á¤Ş¡C
No data found, inserting 0 into database.
['1', '·s¥_¥«¬F©²¸gÀÙµo®i§½', '°Ê²£©è©ã', '¦N¸t¤u·~ªÑ¥÷¦³­­¤½¥q', '¤¤°ê«H°U°Ó·~»È¦æªÑ¥÷¦³­­¤½¥q«°¤¤', '¤u(¤¤)°Ê¦r²Ä066323¸¹', '¤w¹L®Ä´Á¥¼µù¾P']
Data inserted for BusinessAccountingNO 03077208 with Lawsuit: µL¸ê®Æ, state: Àç·~¤¤, Use_unified_invoice: ¦³¶}²Î¤@µo²¼, CompanyName: ¤¤°ê«H°U°Ó·~»È¦æªÑ¥÷¦³­­¤½¥q, Shareholder_info: ÅÜ§ó«ùªÑ:
³¯¨Î¤å ªº«ùªÑ
14,796,218,595 ÅÜ§ó 15,801,651,240

¸â®xºÕ ªº«ùªÑ
14,796,218,595 ÅÜ§ó 15,801,651,240

¬I­ZªL ªº«ùªÑ
14,796,218,595 ÅÜ§ó 15,801,651,240

³\§®ÀR ªº«ùªÑ
14,796,218,595 ÅÜ§ó 15,801,651,240

·¨ºa©v ªº«ùªÑ
14,796,218,595 ÅÜ§ó 15,801,651,240

¬I¥ú°V ªº«ùªÑ
14,796,218,595 ÅÜ§ó 15,801,651,240

·¨Án«i ªº«ùªÑ
14,796,218,595 ÅÜ§ó 15,801,651,240

¼Bªø¬K ªº«ùªÑ
14,796,218,595 ÅÜ§ó 15,801,651,240

©u±R¼z ªº«ùªÑ
14,796,218,595 ÅÜ§ó 15,801,651,240; ¹ê¦¬¸ê¥»ÃB¥Ñ:
147,962,185,950
ÅÜ§ó¬°
158,016,512,400; ·s¼W¸³ºÊ¨Æ:
¸³¨Æªø ³¯¨Î¤å (¤¤°ê«H°Uª÷¿Ä±±ªÑªÑ¥÷¦³­­¤½¥q); ­t³d¤H ¯ÊÃB ÅÜ§ó¬° ³¯¨Î¤å¡C; 
Traceback (most recent call last):
  File "C:\xampp\htdocs\Market_risk_assessment_system\DarkJoe\pyy\main.py", line 56, in <module>
    main()
  File "C:\xampp\htdocs\Market_risk_assessment_system\DarkJoe\pyy\main.py", line 46, in main
    OPENAI_API_KEY=os.environ["OPENAI_API_KEY"]
                   ~~~~~~~~~~^^^^^^^^^^^^^^^^^^
  File "<frozen os>", line 679, in __getitem__
KeyError: 'OPENAI_API_KEY'

Pythonè„šæœ¬è¾“å‡ºå·²å†™å…¥æ—¥å¿—æ–‡ä»¶
Pythonè„šæœ¬æœªç”Ÿæˆé¢„æœŸçš„è¾“å‡ºæ–‡ä»¶
Script started
æ•°æ®æ’å…¥æˆåŠŸ
æ—§çš„data.jsonæ–‡ä»¶å·²åˆ é™¤
æ‰§è¡Œå‘½ä»¤: C:/Users/ZJ/AppData/Local/Programs/Python/Python311/python.exe C:/xampp/htdocs/Market_risk_assessment_system/DarkJoe/pyy/main.py 2>&1
å‘½ä»¤è¾“å‡º: Exception in thread Thread-2 (fetch_data_and_insert_to_py_prtr_input):
Traceback (most recent call last):
  File "C:\xampp\htdocs\Market_risk_assessment_system\DarkJoe\pyy\PRTRtest.py", line 223, in fetch_data_and_insert_to_py_prtr_input
    print(f"\U0001f4cc ¬d¸ß¤½¥q¡G{company_name}")
UnicodeEncodeError: 'cp950' codec can't encode character '\U0001f4cc' in position 0: illegal multibyte sequence

During handling of the above exception, another exception occurred:

Traceback (most recent call last):
  File "C:\Users\ZJ\AppData\Local\Programs\Python\Python311\Lib\threading.py", line 1038, in _bootstrap_inner
    self.run()
  File "C:\Users\ZJ\AppData\Local\Programs\Python\Python311\Lib\threading.py", line 975, in run
    self._target(*self._args, **self._kwargs)
  File "C:\xampp\htdocs\Market_risk_assessment_system\DarkJoe\pyy\PRTRtest.py", line 291, in fetch_data_and_insert_to_py_prtr_input
    print(f"\u274c µo¥Í¿ù»~¡G{e}")
UnicodeEncodeError: 'cp950' codec can't encode character '\u274c' in position 0: illegal multibyte sequence
BusinessAccountingNO: 03077208
((199, '03077208', '¤¤°ê«H°U°Ó·~»È¦æ'),)
03077208
²Î¤@½s¸¹¡G03077208
¤½¥qª¬ªp¡G®Ö­ã³]¥ß
¤½¥q¦WºÙ¡G¤¤°ê«H°U°Ó·~»È¦æªÑ¥÷¦³­­¤½¥q
¸ê¥»Á`ÃB(¤¸)¡G180000000000
¹ê¦¬¸ê¥»ÃB(¤¸):158016512400
¥Nªí¤H©m¦W¡G³¯¨Î¤å
¤½¥q©Ò¦b¦a¡G»O¥_¥««n´ä°Ï¸g¶T¤G¸ô166¡B168¡B170¡B186¡B188¸¹
¸ê®Æ¤w¦¨¥\´¡¤J¨ì¸ê®Æ®w¡A¨Ã¬° web_input ªí²K¥[¤F¯Á¤Ş¡C
No data found, inserting 0 into database.
['1', '·s¥_¥«¬F©²¸gÀÙµo®i§½', '°Ê²£©è©ã', '¦N¸t¤u·~ªÑ¥÷¦³­­¤½¥q', '¤¤°ê«H°U°Ó·~»È¦æªÑ¥÷¦³­­¤½¥q«°¤¤', '¤u(¤¤)°Ê¦r²Ä066323¸¹', '¤w¹L®Ä´Á¥¼µù¾P']
Data inserted for BusinessAccountingNO 03077208 with Lawsuit: µL¸ê®Æ, state: Àç·~¤¤, Use_unified_invoice: ¦³¶}²Î¤@µo²¼, CompanyName: ¤¤°ê«H°U°Ó·~»È¦æªÑ¥÷¦³­­¤½¥q, Shareholder_info: ÅÜ§ó«ùªÑ:
³¯¨Î¤å ªº«ùªÑ
14,796,218,595 ÅÜ§ó 15,801,651,240

¸â®xºÕ ªº«ùªÑ
14,796,218,595 ÅÜ§ó 15,801,651,240

¬I­ZªL ªº«ùªÑ
14,796,218,595 ÅÜ§ó 15,801,651,240

³\§®ÀR ªº«ùªÑ
14,796,218,595 ÅÜ§ó 15,801,651,240

·¨ºa©v ªº«ùªÑ
14,796,218,595 ÅÜ§ó 15,801,651,240

¬I¥ú°V ªº«ùªÑ
14,796,218,595 ÅÜ§ó 15,801,651,240

·¨Án«i ªº«ùªÑ
14,796,218,595 ÅÜ§ó 15,801,651,240

¼Bªø¬K ªº«ùªÑ
14,796,218,595 ÅÜ§ó 15,801,651,240

©u±R¼z ªº«ùªÑ
14,796,218,595 ÅÜ§ó 15,801,651,240; ¹ê¦¬¸ê¥»ÃB¥Ñ:
147,962,185,950
ÅÜ§ó¬°
158,016,512,400; ·s¼W¸³ºÊ¨Æ:
¸³¨Æªø ³¯¨Î¤å (¤¤°ê«H°Uª÷¿Ä±±ªÑªÑ¥÷¦³­­¤½¥q); ­t³d¤H ¯ÊÃB ÅÜ§ó¬° ³¯¨Î¤å¡C; 
Traceback (most recent call last):
  File "C:\xampp\htdocs\Market_risk_assessment_system\DarkJoe\pyy\main.py", line 56, in <module>
    main()
  File "C:\xampp\htdocs\Market_risk_assessment_system\DarkJoe\pyy\main.py", line 46, in main
    OPENAI_API_KEY=os.environ["OPENAI_API_KEY"]
                   ~~~~~~~~~~^^^^^^^^^^^^^^^^^^
  File "<frozen os>", line 679, in __getitem__
KeyError: 'OPENAI_API_KEY'

Pythonè„šæœ¬è¾“å‡ºå·²å†™å…¥æ—¥å¿—æ–‡ä»¶
Pythonè„šæœ¬æœªç”Ÿæˆé¢„æœŸçš„è¾“å‡ºæ–‡ä»¶
Script started
æ•°æ®æ’å…¥æˆåŠŸ
æ—§çš„data.jsonæ–‡ä»¶å·²åˆ é™¤
æ‰§è¡Œå‘½ä»¤: C:/Users/ZJ/AppData/Local/Programs/Python/Python311/python.exe C:/xampp/htdocs/Market_risk_assessment_system/DarkJoe/pyy/main.py 2>&1
å‘½ä»¤è¾“å‡º: Exception in thread Thread-2 (fetch_data_and_insert_to_py_prtr_input):
Traceback (most recent call last):
  File "C:\xampp\htdocs\Market_risk_assessment_system\DarkJoe\pyy\PRTRtest.py", line 223, in fetch_data_and_insert_to_py_prtr_input
    print(f"\U0001f4cc ¬d¸ß¤½¥q¡G{company_name}")
UnicodeEncodeError: 'cp950' codec can't encode character '\U0001f4cc' in position 0: illegal multibyte sequence

During handling of the above exception, another exception occurred:

Traceback (most recent call last):
  File "C:\Users\ZJ\AppData\Local\Programs\Python\Python311\Lib\threading.py", line 1038, in _bootstrap_inner
    self.run()
  File "C:\Users\ZJ\AppData\Local\Programs\Python\Python311\Lib\threading.py", line 975, in run
    self._target(*self._args, **self._kwargs)
  File "C:\xampp\htdocs\Market_risk_assessment_system\DarkJoe\pyy\PRTRtest.py", line 291, in fetch_data_and_insert_to_py_prtr_input
    print(f"\u274c µo¥Í¿ù»~¡G{e}")
UnicodeEncodeError: 'cp950' codec can't encode character '\u274c' in position 0: illegal multibyte sequence
BusinessAccountingNO: 03077208
((200, '03077208', '¤¤°ê«H°U°Ó·~»È¦æ'),)
03077208
²Î¤@½s¸¹¡G03077208
¤½¥qª¬ªp¡G®Ö­ã³]¥ß
¤½¥q¦WºÙ¡G¤¤°ê«H°U°Ó·~»È¦æªÑ¥÷¦³­­¤½¥q
¸ê¥»Á`ÃB(¤¸)¡G180000000000
¹ê¦¬¸ê¥»ÃB(¤¸):158016512400
¥Nªí¤H©m¦W¡G³¯¨Î¤å
¤½¥q©Ò¦b¦a¡G»O¥_¥««n´ä°Ï¸g¶T¤G¸ô166¡B168¡B170¡B186¡B188¸¹
¸ê®Æ¤w¦¨¥\´¡¤J¨ì¸ê®Æ®w¡A¨Ã¬° web_input ªí²K¥[¤F¯Á¤Ş¡C
No data found, inserting 0 into database.
['1', '·s¥_¥«¬F©²¸gÀÙµo®i§½', '°Ê²£©è©ã', '¦N¸t¤u·~ªÑ¥÷¦³­­¤½¥q', '¤¤°ê«H°U°Ó·~»È¦æªÑ¥÷¦³­­¤½¥q«°¤¤', '¤u(¤¤)°Ê¦r²Ä066323¸¹', '¤w¹L®Ä´Á¥¼µù¾P']
Data inserted for BusinessAccountingNO 03077208 with Lawsuit: µL¸ê®Æ, state: Àç·~¤¤, Use_unified_invoice: ¦³¶}²Î¤@µo²¼, CompanyName: ¤¤°ê«H°U°Ó·~»È¦æªÑ¥÷¦³­­¤½¥q, Shareholder_info: ÅÜ§ó«ùªÑ:
³¯¨Î¤å ªº«ùªÑ
14,796,218,595 ÅÜ§ó 15,801,651,240

¸â®xºÕ ªº«ùªÑ
14,796,218,595 ÅÜ§ó 15,801,651,240

¬I­ZªL ªº«ùªÑ
14,796,218,595 ÅÜ§ó 15,801,651,240

³\§®ÀR ªº«ùªÑ
14,796,218,595 ÅÜ§ó 15,801,651,240

·¨ºa©v ªº«ùªÑ
14,796,218,595 ÅÜ§ó 15,801,651,240

¬I¥ú°V ªº«ùªÑ
14,796,218,595 ÅÜ§ó 15,801,651,240

·¨Án«i ªº«ùªÑ
14,796,218,595 ÅÜ§ó 15,801,651,240

¼Bªø¬K ªº«ùªÑ
14,796,218,595 ÅÜ§ó 15,801,651,240

©u±R¼z ªº«ùªÑ
14,796,218,595 ÅÜ§ó 15,801,651,240; ¹ê¦¬¸ê¥»ÃB¥Ñ:
147,962,185,950
ÅÜ§ó¬°
158,016,512,400; ·s¼W¸³ºÊ¨Æ:
¸³¨Æªø ³¯¨Î¤å (¤¤°ê«H°Uª÷¿Ä±±ªÑªÑ¥÷¦³­­¤½¥q); ­t³d¤H ¯ÊÃB ÅÜ§ó¬° ³¯¨Î¤å¡C; 

Pythonè„šæœ¬è¾“å‡ºå·²å†™å…¥æ—¥å¿—æ–‡ä»¶
æ–°çš„JSONæ–‡ä»¶å·²ç”Ÿæˆ
